#
# There is insufficient memory for the Java Runtime Environment to continue.
# Native memory allocation (malloc) failed to allocate 1048576 bytes for AllocateHeap
# Possible reasons:
#   The system is out of physical RAM or swap space
#   In 32 bit mode, the process size limit was hit
# Possible solutions:
#   Reduce memory load on the system
#   Increase physical memory or swap space
#   Check if swap backing store is full
#   Use 64 bit Java on a 64 bit OS
#   Decrease Java heap size (-Xmx/-Xms)
#   Decrease number of Java threads
#   Decrease Java thread stack sizes (-Xss)
#   Set larger code cache with -XX:ReservedCodeCacheSize=
# This output file may be truncated or incomplete.
#
#  Out of Memory Error (memory/allocation.inline.hpp:61), pid=18520, tid=20592
#
# JRE version:  (8.0_45-b15) (build )
# Java VM: Java HotSpot(TM) 64-Bit Server VM (25.45-b02 mixed mode windows-amd64 compressed oops)
# Failed to write core dump. Minidumps are not enabled by default on client versions of Windows
#

---------------  T H R E A D  ---------------

Current thread (0x00000000026d1000):  JavaThread "Unknown thread" [_thread_in_vm, id=20592, stack(0x0000000002520000,0x0000000002620000)]

Stack: [0x0000000002520000,0x0000000002620000]
Native frames: (J=compiled Java code, j=interpreted, Vv=VM code, C=native code)
V  [jvm.dll+0x32b57a]
V  [jvm.dll+0x279873]
V  [jvm.dll+0x27a509]
V  [jvm.dll+0x271825]
V  [jvm.dll+0x1606]
V  [jvm.dll+0x3c08c2]
V  [jvm.dll+0x3eecb2]
V  [jvm.dll+0x3ef1bc]
V  [jvm.dll+0x3ea7a7]
V  [jvm.dll+0xf2cf2]
V  [jvm.dll+0x20f0c9]
V  [jvm.dll+0x240e0a]
V  [jvm.dll+0x15ba41]
C  [java.exe+0x216e]
C  [java.exe+0xcce7]
C  [java.exe+0xcd7b]
C  [KERNEL32.DLL+0x17bd4]
C  [ntdll.dll+0x6ced1]


---------------  P R O C E S S  ---------------

Java Threads: ( => current thread )

Other Threads:

=>0x00000000026d1000 (exited) JavaThread "Unknown thread" [_thread_in_vm, id=20592, stack(0x0000000002520000,0x0000000002620000)]

VM state:not at safepoint (normal execution)

VM Mutex/Monitor currently owned by a thread: None

Heap:
 PSYoungGen      total 18944K, used 327K [0x00000000eb180000, 0x00000000ec680000, 0x0000000100000000)
  eden space 16384K, 2% used [0x00000000eb180000,0x00000000eb1d1ec8,0x00000000ec180000)
  from space 2560K, 0% used [0x00000000ec400000,0x00000000ec400000,0x00000000ec680000)
  to   space 2560K, 0% used [0x00000000ec180000,0x00000000ec180000,0x00000000ec400000)
 ParOldGen       total 44032K, used 0K [0x00000000c1400000, 0x00000000c3f00000, 0x00000000eb180000)
  object space 44032K, 0% used [0x00000000c1400000,0x00000000c1400000,0x00000000c3f00000)
 Metaspace       used 766K, capacity 4480K, committed 4480K, reserved 1056768K
  class space    used 75K, capacity 384K, committed 384K, reserved 1048576K

Card table byte_map: [0x0000000011b90000,0x0000000011d90000] byte_map_base: 0x0000000011586000

Marking Bits: (ParMarkBitMap*) 0x00000000581a4040
 Begin Bits: [0x00000000122e0000, 0x0000000013290000)
 End Bits:   [0x0000000013290000, 0x0000000014240000)

Polling page: 0x0000000000760000

CodeCache: size=245760Kb used=328Kb max_used=328Kb free=245431Kb
 bounds [0x00000000027d0000, 0x0000000002a40000, 0x00000000117d0000]
 total_blobs=57 nmethods=0 adapters=37
 compilation: enabled

Compilation events (0 events):
No events

GC Heap History (0 events):
No events

Deoptimization events (0 events):
No events

Internal exceptions (0 events):
No events

Events (10 events):
Event: 0.025 loading class java/lang/Short
Event: 0.025 loading class java/lang/Short done
Event: 0.025 loading class java/lang/Integer
Event: 0.025 loading class java/lang/Integer done
Event: 0.025 loading class java/lang/Long
Event: 0.025 loading class java/lang/Long done
Event: 0.026 loading class java/lang/NullPointerException
Event: 0.026 loading class java/lang/NullPointerException done
Event: 0.026 loading class java/lang/ArithmeticException
Event: 0.026 loading class java/lang/ArithmeticException done


Dynamic libraries:
0x00007ff65e050000 - 0x00007ff65e087000 	C:\Program Files\Java\jdk1.8.0_45\bin\java.exe
0x00007ffa922e0000 - 0x00007ffa924d0000 	C:\WINDOWS\SYSTEM32\ntdll.dll
0x00007ffa91fe0000 - 0x00007ffa92092000 	C:\WINDOWS\System32\KERNEL32.DLL
0x00007ffa900c0000 - 0x00007ffa90363000 	C:\WINDOWS\System32\KERNELBASE.dll
0x00007ffa906a0000 - 0x00007ffa90743000 	C:\WINDOWS\System32\ADVAPI32.dll
0x00007ffa91d70000 - 0x00007ffa91e0e000 	C:\WINDOWS\System32\msvcrt.dll
0x00007ffa91e10000 - 0x00007ffa91ea7000 	C:\WINDOWS\System32\sechost.dll
0x00007ffa903b0000 - 0x00007ffa904d0000 	C:\WINDOWS\System32\RPCRT4.dll
0x00007ffa92100000 - 0x00007ffa92294000 	C:\WINDOWS\System32\USER32.dll
0x00007ffa8fe40000 - 0x00007ffa8fe61000 	C:\WINDOWS\System32\win32u.dll
0x00007ffa91650000 - 0x00007ffa91676000 	C:\WINDOWS\System32\GDI32.dll
0x00007ffa8fe70000 - 0x00007ffa90004000 	C:\WINDOWS\System32\gdi32full.dll
0x00007ffa8fc50000 - 0x00007ffa8fcee000 	C:\WINDOWS\System32\msvcp_win.dll
0x00007ffa8fb50000 - 0x00007ffa8fc4a000 	C:\WINDOWS\System32\ucrtbase.dll
0x00007ffa78670000 - 0x00007ffa788f5000 	C:\WINDOWS\WinSxS\amd64_microsoft.windows.common-controls_6595b64144ccf1df_6.0.18362.720_none_e6beb5c51314836b\COMCTL32.dll
0x00007ffa90a60000 - 0x00007ffa90d96000 	C:\WINDOWS\System32\combase.dll
0x00007ffa8faa0000 - 0x00007ffa8fb20000 	C:\WINDOWS\System32\bcryptPrimitives.dll
0x00007ffa91490000 - 0x00007ffa914be000 	C:\WINDOWS\System32\IMM32.DLL
0x0000000059ff0000 - 0x000000005a0c2000 	C:\Program Files\Java\jdk1.8.0_45\jre\bin\msvcr100.dll
0x00000000579a0000 - 0x0000000058223000 	C:\Program Files\Java\jdk1.8.0_45\jre\bin\server\jvm.dll
0x00007ffa914c0000 - 0x00007ffa914c8000 	C:\WINDOWS\System32\PSAPI.DLL
0x00007ffa89700000 - 0x00007ffa8970a000 	C:\WINDOWS\SYSTEM32\VERSION.dll
0x00007ffa8c600000 - 0x00007ffa8c624000 	C:\WINDOWS\SYSTEM32\WINMM.dll
0x00007ffa7c7a0000 - 0x00007ffa7c7a9000 	C:\WINDOWS\SYSTEM32\WSOCK32.dll
0x00007ffa91eb0000 - 0x00007ffa91f1f000 	C:\WINDOWS\System32\WS2_32.dll
0x00007ffa8c5d0000 - 0x00007ffa8c5fd000 	C:\WINDOWS\SYSTEM32\winmmbase.dll
0x00007ffa8fa50000 - 0x00007ffa8fa9a000 	C:\WINDOWS\System32\cfgmgr32.dll
0x000000005a190000 - 0x000000005a19f000 	C:\Program Files\Java\jdk1.8.0_45\jre\bin\verify.dll
0x000000005a160000 - 0x000000005a189000 	C:\Program Files\Java\jdk1.8.0_45\jre\bin\java.dll
0x000000005a140000 - 0x000000005a156000 	C:\Program Files\Java\jdk1.8.0_45\jre\bin\zip.dll
0x00007ffa8dad0000 - 0x00007ffa8dcc4000 	C:\WINDOWS\SYSTEM32\dbghelp.dll

VM Arguments:
jvm_args: -Dfile.encoding=UTF-8 
java_command: atm.simulator.system.Withdrawl
java_class_path (initial): C:\Users\sonai priya\Documents\NetBeansProjects\ATM SIMULATOR SYSTEM\build\classes
Launcher Type: SUN_STANDARD

Environment Variables:
PATH=C:\ProgramData\Oracle\Java\javapath;C:\oraclexe\app\oracle\product\10.2.0\server\bin;C:\Program Files (x86)\Intel\iCLS Client\;C:\Program Files\Intel\iCLS Client\;C:\WINDOWS\system32;C:\WINDOWS;C:\WINDOWS\System32\Wbem;C:\WINDOWS\System32\WindowsPowerShell\v1.0\;C:\Program Files (x86)\Intel\Intel(R) Management Engine Components\DAL;C:\Program Files\Intel\Intel(R) Management Engine Components\DAL;C:\Program Files (x86)\Intel\Intel(R) Management Engine Components\IPT;C:\Program Files\Intel\Intel(R) Management Engine Components\IPT;C:\Program Files\MiKTeX 2.9\miktex\bin\x64\;C:\Program Files\MATLAB\R2016a\runtime\win64;C:\Program Files\MATLAB\R2016a\bin;C:\Program Files\MATLAB\R2016a\polyspace\bin;C:\Program Files\Java\jdk1.8.0_45\bin;C:\Program Files\Java\jre1.8.0_45\bin;;C:\WINDOWS\System32\OpenSSH\;C:\OpenCV2.1\bin;C:\Users\sonai priya\Anaconda3;C:\Users\sonai priya\Anaconda3\Library\mingw-w64\bin;C:\Users\sonai priya\Anaconda3\Library\usr\bin;C:\Users\sonai priya\Anaconda3\Library\bin;C:\Users\sonai priya\Anaconda3\Scripts;C:\Users\sonai priya\AppData\Local\Microsoft\WindowsApps;C:\Program Files\MongoDB\Server\4.0\bin;C:\Users\sonai priya\AppData\Local\Microsoft\WindowsApps;C:\Users\sonai priya\Desktop\Git
USERNAME=sonai priya
OS=Windows_NT
PROCESSOR_IDENTIFIER=Intel64 Family 6 Model 142 Stepping 9, GenuineIntel



---------------  S Y S T E M  ---------------

OS: Windows 10.0 , 64 bit Build 18362 (10.0.18362.329)

CPU:total 4 (2 cores per cpu, 2 threads per core) family 6 model 142 stepping 9, cmov, cx8, fxsr, mmx, sse, sse2, sse3, ssse3, sse4.1, sse4.2, popcnt, avx, avx2, aes, clmul, erms, 3dnowpref, lzcnt, ht, tsc, tscinvbit, bmi1, bmi2, adx

Memory: 4k page, physical 4109220k(556420k free), swap 16692132k(4208k free)

vm_info: Java HotSpot(TM) 64-Bit Server VM (25.45-b02) for windows-amd64 JRE (1.8.0_45-b15), built on Apr 30 2015 12:40:44 by "java_re" with MS VC++ 10.0 (VS2010)

time: Sat Apr 04 19:07:17 2020
elapsed time: 0 seconds (0d 0h 0m 0s)

