#
# There is insufficient memory for the Java Runtime Environment to continue.
# Native memory allocation (malloc) failed to allocate 83376 bytes for Chunk::new
# Possible reasons:
#   The system is out of physical RAM or swap space
#   In 32 bit mode, the process size limit was hit
# Possible solutions:
#   Reduce memory load on the system
#   Increase physical memory or swap space
#   Check if swap backing store is full
#   Use 64 bit Java on a 64 bit OS
#   Decrease Java heap size (-Xmx/-Xms)
#   Decrease number of Java threads
#   Decrease Java thread stack sizes (-Xss)
#   Set larger code cache with -XX:ReservedCodeCacheSize=
# This output file may be truncated or incomplete.
#
#  Out of Memory Error (allocation.cpp:390), pid=9680, tid=712
#
# JRE version: Java(TM) SE Runtime Environment (8.0_45-b15) (build 1.8.0_45-b15)
# Java VM: Java HotSpot(TM) 64-Bit Server VM (25.45-b02 mixed mode windows-amd64 compressed oops)
# Failed to write core dump. Minidumps are not enabled by default on client versions of Windows
#

---------------  T H R E A D  ---------------

Current thread (0x0000000002811000):  JavaThread "main" [_thread_in_native, id=712, stack(0x0000000002670000,0x0000000002770000)]

Stack: [0x0000000002670000,0x0000000002770000]
Native frames: (J=compiled Java code, j=interpreted, Vv=VM code, C=native code)
V  [jvm.dll+0x32b57a]

Java frames: (J=compiled Java code, j=interpreted, Vv=VM code)
j  java.lang.ClassLoader.findBootstrapClass(Ljava/lang/String;)Ljava/lang/Class;+0
j  java.lang.ClassLoader.findBootstrapClassOrNull(Ljava/lang/String;)Ljava/lang/Class;+12
j  java.lang.ClassLoader.loadClass(Ljava/lang/String;Z)Ljava/lang/Class;+48
j  java.lang.ClassLoader.loadClass(Ljava/lang/String;Z)Ljava/lang/Class;+38
j  sun.misc.Launcher$AppClassLoader.loadClass(Ljava/lang/String;Z)Ljava/lang/Class;+81
j  java.lang.ClassLoader.loadClass(Ljava/lang/String;)Ljava/lang/Class;+3
v  ~StubRoutines::call_stub
j  java.lang.ClassLoader.defineClass1(Ljava/lang/String;[BIILjava/security/ProtectionDomain;Ljava/lang/String;)Ljava/lang/Class;+0
j  java.lang.ClassLoader.defineClass(Ljava/lang/String;[BIILjava/security/ProtectionDomain;)Ljava/lang/Class;+27
j  java.security.SecureClassLoader.defineClass(Ljava/lang/String;[BIILjava/security/CodeSource;)Ljava/lang/Class;+12
j  java.net.URLClassLoader.defineClass(Ljava/lang/String;Lsun/misc/Resource;)Ljava/lang/Class;+138
j  java.net.URLClassLoader.access$100(Ljava/net/URLClassLoader;Ljava/lang/String;Lsun/misc/Resource;)Ljava/lang/Class;+3
j  java.net.URLClassLoader$1.run()Ljava/lang/Class;+43
j  java.net.URLClassLoader$1.run()Ljava/lang/Object;+1
v  ~StubRoutines::call_stub
j  java.security.AccessController.doPrivileged(Ljava/security/PrivilegedExceptionAction;Ljava/security/AccessControlContext;)Ljava/lang/Object;+0
j  java.net.URLClassLoader.findClass(Ljava/lang/String;)Ljava/lang/Class;+13
j  java.lang.ClassLoader.loadClass(Ljava/lang/String;Z)Ljava/lang/Class;+70
j  sun.misc.Launcher$AppClassLoader.loadClass(Ljava/lang/String;Z)Ljava/lang/Class;+81
j  java.lang.ClassLoader.loadClass(Ljava/lang/String;)Ljava/lang/Class;+3
j  sun.launcher.LauncherHelper.checkAndLoadMain(ZILjava/lang/String;)Ljava/lang/Class;+93
v  ~StubRoutines::call_stub

---------------  P R O C E S S  ---------------

Java Threads: ( => current thread )
  0x000000001504e800 JavaThread "Service Thread" daemon [_thread_blocked, id=1260, stack(0x0000000016c40000,0x0000000016d40000)]
  0x0000000014ff7800 JavaThread "C1 CompilerThread2" daemon [_thread_blocked, id=8096, stack(0x0000000016740000,0x0000000016840000)]
  0x0000000014ff4800 JavaThread "C2 CompilerThread1" daemon [_thread_blocked, id=4168, stack(0x0000000016640000,0x0000000016740000)]
  0x0000000014fed800 JavaThread "C2 CompilerThread0" daemon [_thread_blocked, id=21240, stack(0x0000000016540000,0x0000000016640000)]
  0x0000000014fec800 JavaThread "Attach Listener" daemon [_thread_blocked, id=14456, stack(0x0000000016440000,0x0000000016540000)]
  0x0000000014feb000 JavaThread "Signal Dispatcher" daemon [_thread_blocked, id=21752, stack(0x0000000016340000,0x0000000016440000)]
  0x0000000002907800 JavaThread "Finalizer" daemon [_thread_blocked, id=21416, stack(0x0000000016240000,0x0000000016340000)]
  0x00000000028ff000 JavaThread "Reference Handler" daemon [_thread_blocked, id=19352, stack(0x0000000016140000,0x0000000016240000)]
=>0x0000000002811000 JavaThread "main" [_thread_in_native, id=712, stack(0x0000000002670000,0x0000000002770000)]

Other Threads:
  0x0000000014fb7800 VMThread [stack: 0x0000000016040000,0x0000000016140000] [id=15212]
  0x000000001685f000 WatcherThread [stack: 0x0000000016d40000,0x0000000016e40000] [id=21720]

VM state:not at safepoint (normal execution)

VM Mutex/Monitor currently owned by a thread: None

Heap:
 PSYoungGen      total 18944K, used 1311K [0x00000000eb180000, 0x00000000ec680000, 0x0000000100000000)
  eden space 16384K, 8% used [0x00000000eb180000,0x00000000eb2c7ce0,0x00000000ec180000)
  from space 2560K, 0% used [0x00000000ec400000,0x00000000ec400000,0x00000000ec680000)
  to   space 2560K, 0% used [0x00000000ec180000,0x00000000ec180000,0x00000000ec400000)
 ParOldGen       total 44032K, used 0K [0x00000000c1400000, 0x00000000c3f00000, 0x00000000eb180000)
  object space 44032K, 0% used [0x00000000c1400000,0x00000000c1400000,0x00000000c3f00000)
 Metaspace       used 2570K, capacity 4490K, committed 4864K, reserved 1056768K
  class space    used 266K, capacity 386K, committed 512K, reserved 1048576K

Card table byte_map: [0x0000000011da0000,0x0000000011fa0000] byte_map_base: 0x0000000011796000

Marking Bits: (ParMarkBitMap*) 0x00000000581a4040
 Begin Bits: [0x00000000124f0000, 0x00000000134a0000)
 End Bits:   [0x00000000134a0000, 0x0000000014450000)

Polling page: 0x0000000000e70000

CodeCache: size=245760Kb used=1092Kb max_used=1092Kb free=244667Kb
 bounds [0x00000000029e0000, 0x0000000002c50000, 0x00000000119e0000]
 total_blobs=250 nmethods=20 adapters=144
 compilation: enabled

Compilation events (10 events):
Event: 0.092 Thread 0x0000000014ff7800   18  s    3       java.lang.StringBuffer::append (13 bytes)
Event: 0.092 Thread 0x0000000014ff7800 nmethod 18 0x0000000002aeeb90 code [0x0000000002aeed20, 0x0000000002aef208]
Event: 0.092 Thread 0x0000000014ff7800   15       3       java.lang.StringBuilder::append (8 bytes)
Event: 0.092 Thread 0x0000000014ff7800 nmethod 15 0x0000000002aef450 code [0x0000000002aef5c0, 0x0000000002aef928]
Event: 0.092 Thread 0x0000000014ff7800   14       3       java.lang.String::<init> (62 bytes)
Event: 0.093 Thread 0x0000000014ff7800 nmethod 14 0x0000000002aefb10 code [0x0000000002aefcc0, 0x0000000002af00f8]
Event: 0.093 Thread 0x0000000014ff7800   19       3       java.lang.Math::min (11 bytes)
Event: 0.093 Thread 0x0000000014ff7800 nmethod 19 0x0000000002ae2650 code [0x0000000002ae27a0, 0x0000000002ae2930]
Event: 0.096 Thread 0x0000000014ff7800   20       3       java.lang.String::equals (81 bytes)
Event: 0.096 Thread 0x0000000014ff7800 nmethod 20 0x0000000002af0b10 code [0x0000000002af0ca0, 0x0000000002af11f0]

GC Heap History (0 events):
No events

Deoptimization events (0 events):
No events

Internal exceptions (2 events):
Event: 0.051 Thread 0x0000000002811000 Exception <a 'java/lang/NoSuchMethodError': Method sun.misc.Unsafe.defineClass(Ljava/lang/String;[BII)Ljava/lang/Class; name or signature does not match> (0x00000000eb18d6f0) thrown at [C:\re\workspace\8-2-build-windows-amd64-cygwin\jdk8u45\3627\hotspot\sr•8<Î~î©?
Event: 0.051 Thread 0x0000000002811000 Exception <a 'java/lang/NoSuchMethodError': Method sun.misc.Unsafe.prefetchRead(Ljava/lang/Object;J)V name or signature does not match> (0x00000000eb18d980) thrown at [C:\re\workspace\8-2-build-windows-amd64-cygwin\jdk8u45\3627\hotspot\src\share\vm\prims\j

Events (10 events):
Event: 0.099 loading class javax/swing/RootPaneContainer
Event: 0.099 loading class javax/swing/RootPaneContainer done
Event: 0.099 loading class javax/swing/TransferHandler$HasGetTransferHandler
Event: 0.099 loading class javax/swing/TransferHandler$HasGetTransferHandler done
Event: 0.099 loading class java/awt/Frame
Event: 0.099 loading class java/awt/MenuContainer
Event: 0.099 loading class java/awt/MenuContainer done
Event: 0.099 loading class java/awt/Window
Event: 0.099 loading class java/awt/Container
Event: 0.100 loading class java/awt/Component


Dynamic libraries:
0x00007ff65e050000 - 0x00007ff65e087000 	C:\Program Files\Java\jdk1.8.0_45\bin\java.exe
0x00007ffa922e0000 - 0x00007ffa924d0000 	C:\WINDOWS\SYSTEM32\ntdll.dll
0x00007ffa91fe0000 - 0x00007ffa92092000 	C:\WINDOWS\System32\KERNEL32.DLL
0x00007ffa900c0000 - 0x00007ffa90363000 	C:\WINDOWS\System32\KERNELBASE.dll
0x00007ffa906a0000 - 0x00007ffa90743000 	C:\WINDOWS\System32\ADVAPI32.dll
0x00007ffa91d70000 - 0x00007ffa91e0e000 	C:\WINDOWS\System32\msvcrt.dll
0x00007ffa91e10000 - 0x00007ffa91ea7000 	C:\WINDOWS\System32\sechost.dll
0x00007ffa903b0000 - 0x00007ffa904d0000 	C:\WINDOWS\System32\RPCRT4.dll
0x00007ffa92100000 - 0x00007ffa92294000 	C:\WINDOWS\System32\USER32.dll
0x00007ffa8fe40000 - 0x00007ffa8fe61000 	C:\WINDOWS\System32\win32u.dll
0x00007ffa91650000 - 0x00007ffa91676000 	C:\WINDOWS\System32\GDI32.dll
0x00007ffa8fe70000 - 0x00007ffa90004000 	C:\WINDOWS\System32\gdi32full.dll
0x00007ffa8fc50000 - 0x00007ffa8fcee000 	C:\WINDOWS\System32\msvcp_win.dll
0x00007ffa8fb50000 - 0x00007ffa8fc4a000 	C:\WINDOWS\System32\ucrtbase.dll
0x00007ffa78670000 - 0x00007ffa788f5000 	C:\WINDOWS\WinSxS\amd64_microsoft.windows.common-controls_6595b64144ccf1df_6.0.18362.720_none_e6beb5c51314836b\COMCTL32.dll
0x00007ffa90a60000 - 0x00007ffa90d96000 	C:\WINDOWS\System32\combase.dll
0x00007ffa8faa0000 - 0x00007ffa8fb20000 	C:\WINDOWS\System32\bcryptPrimitives.dll
0x00007ffa91490000 - 0x00007ffa914be000 	C:\WINDOWS\System32\IMM32.DLL
0x0000000059ff0000 - 0x000000005a0c2000 	C:\Program Files\Java\jdk1.8.0_45\jre\bin\msvcr100.dll
0x00000000579a0000 - 0x0000000058223000 	C:\Program Files\Java\jdk1.8.0_45\jre\bin\server\jvm.dll
0x00007ffa914c0000 - 0x00007ffa914c8000 	C:\WINDOWS\System32\PSAPI.DLL
0x00007ffa8c600000 - 0x00007ffa8c624000 	C:\WINDOWS\SYSTEM32\WINMM.dll
0x00007ffa7c7a0000 - 0x00007ffa7c7a9000 	C:\WINDOWS\SYSTEM32\WSOCK32.dll
0x00007ffa89700000 - 0x00007ffa8970a000 	C:\WINDOWS\SYSTEM32\VERSION.dll
0x00007ffa91eb0000 - 0x00007ffa91f1f000 	C:\WINDOWS\System32\WS2_32.dll
0x00007ffa8c5d0000 - 0x00007ffa8c5fd000 	C:\WINDOWS\SYSTEM32\winmmbase.dll
0x00007ffa8fa50000 - 0x00007ffa8fa9a000 	C:\WINDOWS\System32\cfgmgr32.dll
0x000000005a190000 - 0x000000005a19f000 	C:\Program Files\Java\jdk1.8.0_45\jre\bin\verify.dll
0x000000005a160000 - 0x000000005a189000 	C:\Program Files\Java\jdk1.8.0_45\jre\bin\java.dll
0x000000005a140000 - 0x000000005a156000 	C:\Program Files\Java\jdk1.8.0_45\jre\bin\zip.dll
0x00007ffa90da0000 - 0x00007ffa91485000 	C:\WINDOWS\System32\SHELL32.dll
0x00007ffa91cc0000 - 0x00007ffa91d69000 	C:\WINDOWS\System32\shcore.dll
0x00007ffa8f270000 - 0x00007ffa8f9f0000 	C:\WINDOWS\System32\windows.storage.dll
0x00007ffa8f240000 - 0x00007ffa8f263000 	C:\WINDOWS\System32\profapi.dll
0x00007ffa8f1f0000 - 0x00007ffa8f23a000 	C:\WINDOWS\System32\powrprof.dll
0x00007ffa8f1a0000 - 0x00007ffa8f1b0000 	C:\WINDOWS\System32\UMPDC.dll
0x00007ffa91f20000 - 0x00007ffa91f72000 	C:\WINDOWS\System32\shlwapi.dll
0x00007ffa8f1b0000 - 0x00007ffa8f1c1000 	C:\WINDOWS\System32\kernel.appcore.dll
0x00007ffa90370000 - 0x00007ffa90387000 	C:\WINDOWS\System32\cryptsp.dll

VM Arguments:
jvm_args: -Dfile.encoding=UTF-8 
java_command: atm.simulator.system.Withdrawl
java_class_path (initial): C:\Users\sonai priya\Documents\NetBeansProjects\ATM SIMULATOR SYSTEM\build\classes
Launcher Type: SUN_STANDARD

Environment Variables:
PATH=C:\ProgramData\Oracle\Java\javapath;C:\oraclexe\app\oracle\product\10.2.0\server\bin;C:\Program Files (x86)\Intel\iCLS Client\;C:\Program Files\Intel\iCLS Client\;C:\WINDOWS\system32;C:\WINDOWS;C:\WINDOWS\System32\Wbem;C:\WINDOWS\System32\WindowsPowerShell\v1.0\;C:\Program Files (x86)\Intel\Intel(R) Management Engine Components\DAL;C:\Program Files\Intel\Intel(R) Management Engine Components\DAL;C:\Program Files (x86)\Intel\Intel(R) Management Engine Components\IPT;C:\Program Files\Intel\Intel(R) Management Engine Components\IPT;C:\Program Files\MiKTeX 2.9\miktex\bin\x64\;C:\Program Files\MATLAB\R2016a\runtime\win64;C:\Program Files\MATLAB\R2016a\bin;C:\Program Files\MATLAB\R2016a\polyspace\bin;C:\Program Files\Java\jdk1.8.0_45\bin;C:\Program Files\Java\jre1.8.0_45\bin;;C:\WINDOWS\System32\OpenSSH\;C:\OpenCV2.1\bin;C:\Users\sonai priya\Anaconda3;C:\Users\sonai priya\Anaconda3\Library\mingw-w64\bin;C:\Users\sonai priya\Anaconda3\Library\usr\bin;C:\Users\sonai priya\Anaconda3\Library\bin;C:\Users\sonai priya\Anaconda3\Scripts;C:\Users\sonai priya\AppData\Local\Microsoft\WindowsApps;C:\Program Files\MongoDB\Server\4.0\bin;C:\Users\sonai priya\AppData\Local\Microsoft\WindowsApps;C:\Users\sonai priya\Desktop\Git
USERNAME=sonai priya
OS=Windows_NT
PROCESSOR_IDENTIFIER=Intel64 Family 6 Model 142 Stepping 9, GenuineIntel



---------------  S Y S T E M  ---------------

OS: Windows 10.0 , 64 bit Build 18362 (10.0.18362.329)

CPU:total 4 (2 cores per cpu, 2 threads per core) family 6 model 142 stepping 9, cmov, cx8, fxsr, mmx, sse, sse2, sse3, ssse3, sse4.1, sse4.2, popcnt, avx, avx2, aes, clmul, erms, 3dnowpref, lzcnt, ht, tsc, tscinvbit, bmi1, bmi2, adx

Memory: 4k page, physical 4109220k(548848k free), swap 16692132k(3424k free)

vm_info: Java HotSpot(TM) 64-Bit Server VM (25.45-b02) for windows-amd64 JRE (1.8.0_45-b15), built on Apr 30 2015 12:40:44 by "java_re" with MS VC++ 10.0 (VS2010)

time: Sat Apr 04 19:07:30 2020
elapsed time: 0 seconds (0d 0h 0m 0s)

